Using pre-set license
Built from '2022.3/respin/2022.3.62f2-4af31df585-v2' branch; Version is '2022.3.62f3 (96770f904ca7) revision 9860879'; Using compiler version '192829333'; Build Type 'Release'
OS: 'Windows 11  (10.0.26100) 64bit CoreSingleLanguage' Language: 'en' Physical Memory: 4005 MB
BatchMode: 1, IsHumanControllingUs: 0, StartBugReporterOnCrash: 0, Is64bit: 1, IsPro: 1

COMMAND LINE ARGUMENTS:
C:\Program Files\Unity\Hub\Editor\2022.3.62f3\Editor\Unity.exe
-adb2
-batchMode
-noUpm
-name
AssetImportWorker1
-projectPath
C:/Users/qutyz_v/StructurealityUnity
-logFile
Logs/AssetImportWorker1.log
-srvPort
62972
Successfully changed project path to: C:/Users/qutyz_v/StructurealityUnity
C:/Users/qutyz_v/StructurealityUnity
[UnityMemory] Configuration Parameters - Can be set up in boot.config
    "memorysetup-bucket-allocator-granularity=16"
    "memorysetup-bucket-allocator-bucket-count=8"
    "memorysetup-bucket-allocator-block-size=33554432"
    "memorysetup-bucket-allocator-block-count=8"
    "memorysetup-main-allocator-block-size=16777216"
    "memorysetup-thread-allocator-block-size=16777216"
    "memorysetup-gfx-main-allocator-block-size=16777216"
    "memorysetup-gfx-thread-allocator-block-size=16777216"
    "memorysetup-cache-allocator-block-size=4194304"
    "memorysetup-typetree-allocator-block-size=2097152"
    "memorysetup-profiler-bucket-allocator-granularity=16"
    "memorysetup-profiler-bucket-allocator-bucket-count=8"
    "memorysetup-profiler-bucket-allocator-block-size=33554432"
    "memorysetup-profiler-bucket-allocator-block-count=8"
    "memorysetup-profiler-allocator-block-size=16777216"
    "memorysetup-profiler-editor-allocator-block-size=1048576"
    "memorysetup-temp-allocator-size-main=16777216"
    "memorysetup-job-temp-allocator-block-size=2097152"
    "memorysetup-job-temp-allocator-block-size-background=1048576"
    "memorysetup-job-temp-allocator-reduction-small-platforms=262144"
    "memorysetup-allocator-temp-initial-block-size-main=262144"
    "memorysetup-allocator-temp-initial-block-size-worker=262144"
    "memorysetup-temp-allocator-size-background-worker=32768"
    "memorysetup-temp-allocator-size-job-worker=262144"
    "memorysetup-temp-allocator-size-preload-manager=33554432"
    "memorysetup-temp-allocator-size-nav-mesh-worker=65536"
    "memorysetup-temp-allocator-size-audio-worker=65536"
    "memorysetup-temp-allocator-size-cloud-worker=32768"
    "memorysetup-temp-allocator-size-gi-baking-worker=262144"
    "memorysetup-temp-allocator-size-gfx=262144"
Player connection [1576]  Target information:

Player connection [1576]  * "[IP] 192.168.18.25 [Port] 0 [Flags] 2 [Guid] 3851448004 [EditorId] 3851448004 [Version] 1048832 [Id] WindowsEditor(7,Vinx-330S) [Debug] 1 [PackageName] WindowsEditor [ProjectName] Editor" 

Player connection [1576] Host joined multi-casting on [225.0.0.222:54997]...
Player connection [1576] Host joined alternative multi-casting on [225.0.0.222:34997]...
Input System module state changed to: Initialized.
[PhysX] Initialized MultithreadedTaskDispatcher with 8 workers.
Refreshing native plugins compatible for Editor in 5443.13 ms, found 4 plugins.
Preloading 0 native plugins for Editor in 0.00 ms.
Initialize engine version: 2022.3.62f3 (96770f904ca7)
[Subsystems] Discovering subsystems at path C:/Program Files/Unity/Hub/Editor/2022.3.62f3/Editor/Data/Resources/UnitySubsystems
[Subsystems] Discovering subsystems at path C:/Users/qutyz_v/StructurealityUnity/Assets
GfxDevice: creating device client; threaded=0; jobified=0
Direct3D:
    Version:  Direct3D 11.0 [level 11.1]
    Renderer: AMD Radeon(TM) 535 (ID=0x6900)
    Vendor:   ATI
    VRAM:     2038 MB
    Driver:   27.20.21003.8013
Initialize mono
Mono path[0] = 'C:/Program Files/Unity/Hub/Editor/2022.3.62f3/Editor/Data/Managed'
Mono path[1] = 'C:/Program Files/Unity/Hub/Editor/2022.3.62f3/Editor/Data/MonoBleedingEdge/lib/mono/unityjit-win32'
Mono config path = 'C:/Program Files/Unity/Hub/Editor/2022.3.62f3/Editor/Data/MonoBleedingEdge/etc'
Using monoOptions --debugger-agent=transport=dt_socket,embedding=1,server=y,suspend=n,address=127.0.0.1:56012
Begin MonoManager ReloadAssembly
Registering precompiled unity dll's ...
Register platform support module: C:/Program Files/Unity/Hub/Editor/2022.3.62f3/Editor/Data/PlaybackEngines/AndroidPlayer/UnityEditor.Android.Extensions.dll
Register platform support module: C:/Program Files/Unity/Hub/Editor/2022.3.62f3/Editor/Data/PlaybackEngines/WindowsStandaloneSupport/UnityEditor.WindowsStandalone.Extensions.dll
Registered in 0.107865 seconds.
- Loaded All Assemblies, in  4.412 seconds
Native extension for WindowsStandalone target not found
Native extension for Android target not found
Android Extension - Scanning For ADB Devices 5829 ms
Mono: successfully reloaded assembly
- Finished resetting the current domain, in 10.301 seconds
Domain Reload Profiling: 14709ms
	BeginReloadAssembly (1148ms)
		ExecutionOrderSort (0ms)
		DisableScriptedObjects (0ms)
		BackupInstance (0ms)
		ReleaseScriptingObjects (0ms)
		CreateAndSetChildDomain (6ms)
	RebuildCommonClasses (476ms)
	RebuildNativeTypeToScriptingClass (160ms)
	initialDomainReloadingComplete (862ms)
	LoadAllAssembliesAndSetupDomain (1753ms)
		LoadAssemblies (1122ms)
		RebuildTransferFunctionScriptingTraits (0ms)
		AnalyzeDomain (1736ms)
			TypeCache.Refresh (1725ms)
				TypeCache.ScanAssembly (1601ms)
			ScanForSourceGeneratedMonoScriptInfo (3ms)
			ResolveRequiredComponents (4ms)
	FinalizeReload (10309ms)
		ReleaseScriptCaches (0ms)
		RebuildScriptCaches (0ms)
		SetupLoadedEditorAssemblies (8906ms)
			LogAssemblyErrors (0ms)
			InitializePlatformSupportModulesInManaged (6949ms)
			SetLoadedEditorAssemblies (65ms)
			RefreshPlugins (0ms)
			BeforeProcessingInitializeOnLoad (57ms)
			ProcessInitializeOnLoadAttributes (1067ms)
			ProcessInitializeOnLoadMethodAttributes (763ms)
			AfterProcessingInitializeOnLoad (0ms)
			EditorAssembliesLoaded (5ms)
		ExecutionOrderSort2 (0ms)
		AwakeInstancesAfterBackupRestoration (0ms)
========================================================================
Worker process is ready to serve import requests
Caller must complete domain reload
Begin MonoManager ReloadAssembly
- Loaded All Assemblies, in 22.649 seconds
Native extension for WindowsStandalone target not found
Native extension for Android target not found
Package Manager log level set to [2]
[Package Manager] Server::EnsureServerProcessIsRunning -- launch failed, reason: Unity was launched with the -noUpm command-line argument
[Package Manager] UpmClient::Send -- Unable to send message (not connected to UPM process).
[Package Manager] Cannot connect to Unity Package Manager local server
Mono: successfully reloaded assembly
[Package Manager] Server::EnsureServerProcessIsRunning -- launch failed, reason: Unity was launched with the -noUpm command-line argument
[Package Manager] UpmClient::Send -- Unable to send message (not connected to UPM process).
[Package Manager] Cannot connect to Unity Package Manager local server
[Package Manager] Server::EnsureServerProcessIsRunning -- launch failed, reason: Unity was launched with the -noUpm command-line argument
[Package Manager] UpmClient::Send -- Unable to send message (not connected to UPM process).
[Package Manager] Cannot connect to Unity Package Manager local server
[Package Manager] Server::EnsureServerProcessIsRunning -- launch failed, reason: Unity was launched with the -noUpm command-line argument
[Package Manager] UpmClient::Send -- Unable to send message (not connected to UPM process).
[Package Manager] Cannot connect to Unity Package Manager local server
[Package Manager] Server::EnsureServerProcessIsRunning -- launch failed, reason: Unity was launched with the -noUpm command-line argument
[Package Manager] UpmClient::Send -- Unable to send message (not connected to UPM process).
[Package Manager] Cannot connect to Unity Package Manager local server
- Finished resetting the current domain, in 22.817 seconds
Domain Reload Profiling: 53053ms
	BeginReloadAssembly (6788ms)
		ExecutionOrderSort (0ms)
		DisableScriptedObjects (298ms)
		BackupInstance (0ms)
		ReleaseScriptingObjects (21ms)
		CreateAndSetChildDomain (1753ms)
	RebuildCommonClasses (640ms)
	RebuildNativeTypeToScriptingClass (165ms)
	initialDomainReloadingComplete (842ms)
	LoadAllAssembliesAndSetupDomain (21819ms)
		LoadAssemblies (10135ms)
		RebuildTransferFunctionScriptingTraits (0ms)
		AnalyzeDomain (5683ms)
			TypeCache.Refresh (4667ms)
				TypeCache.ScanAssembly (3840ms)
			ScanForSourceGeneratedMonoScriptInfo (533ms)
			ResolveRequiredComponents (350ms)
	FinalizeReload (22799ms)
		ReleaseScriptCaches (0ms)
		RebuildScriptCaches (0ms)
		SetupLoadedEditorAssemblies (5611ms)
			LogAssemblyErrors (2ms)
			InitializePlatformSupportModulesInManaged (351ms)
			SetLoadedEditorAssemblies (103ms)
			RefreshPlugins (0ms)
			BeforeProcessingInitializeOnLoad (1092ms)
			ProcessInitializeOnLoadAttributes (3818ms)
			ProcessInitializeOnLoadMethodAttributes (212ms)
			AfterProcessingInitializeOnLoad (28ms)
			EditorAssembliesLoaded (6ms)
		ExecutionOrderSort2 (0ms)
		AwakeInstancesAfterBackupRestoration (61ms)
WARNING: Shader Unsupported: 'Hidden/Simulation/URP/Synthetic' - All subshaders removed
WARNING: Shader Did you use #pragma only_renderers and omit this platform?
WARNING: Shader If subshaders removal was intentional, you may have forgotten turning Fallback off?
WARNING: Shader Unsupported: 'Hidden/Simulation/URP/Synthetic' - All subshaders removed
WARNING: Shader Did you use #pragma only_renderers and omit this platform?
WARNING: Shader If subshaders removal was intentional, you may have forgotten turning Fallback off?
WARNING: Shader Unsupported: 'Simulation/URP/Room X-Ray' - All subshaders removed
WARNING: Shader Did you use #pragma only_renderers and omit this platform?
WARNING: Shader If subshaders removal was intentional, you may have forgotten turning Fallback off?
WARNING: Shader Unsupported: 'Simulation/URP/Room X-Ray' - All subshaders removed
WARNING: Shader Did you use #pragma only_renderers and omit this platform?
WARNING: Shader If subshaders removal was intentional, you may have forgotten turning Fallback off?
WARNING: Shader Unsupported: 'Simulation/Standard Lit' - All subshaders removed
WARNING: Shader Did you use #pragma only_renderers and omit this platform?
WARNING: Shader If subshaders removal was intentional, you may have forgotten turning Fallback off?
WARNING: Shader Unsupported: 'Simulation/Standard Lit' - All subshaders removed
WARNING: Shader Did you use #pragma only_renderers and omit this platform?
WARNING: Shader If subshaders removal was intentional, you may have forgotten turning Fallback off?
WARNING: Shader Unsupported: 'Simulation/URP/Lit' - All subshaders removed
WARNING: Shader Did you use #pragma only_renderers and omit this platform?
WARNING: Shader If subshaders removal was intentional, you may have forgotten turning Fallback off?
WARNING: Shader Unsupported: 'Simulation/URP/Lit' - All subshaders removed
WARNING: Shader Did you use #pragma only_renderers and omit this platform?
WARNING: Shader If subshaders removal was intentional, you may have forgotten turning Fallback off?
WARNING: Shader Unsupported: 'Hidden/Simulation/Synthetic Lit' - All subshaders removed
WARNING: Shader Did you use #pragma only_renderers and omit this platform?
WARNING: Shader If subshaders removal was intentional, you may have forgotten turning Fallback off?
WARNING: Shader Unsupported: 'Hidden/Simulation/Synthetic Lit' - All subshaders removed
WARNING: Shader Did you use #pragma only_renderers and omit this platform?
WARNING: Shader If subshaders removal was intentional, you may have forgotten turning Fallback off?
WARNING: Shader Unsupported: 'Simulation/Room X-Ray' - All subshaders removed
WARNING: Shader Did you use #pragma only_renderers and omit this platform?
WARNING: Shader If subshaders removal was intentional, you may have forgotten turning Fallback off?
WARNING: Shader Unsupported: 'Simulation/Room X-Ray' - All subshaders removed
WARNING: Shader Did you use #pragma only_renderers and omit this platform?
WARNING: Shader If subshaders removal was intentional, you may have forgotten turning Fallback off?
Launched and connected shader compiler UnityShaderCompiler.exe after 0.60 seconds
Refreshing native plugins compatible for Editor in 300.32 ms, found 4 plugins.
Preloading 0 native plugins for Editor in 0.00 ms.
Unloading 4823 Unused Serialized files (Serialized files now loaded: 0)
Unloading 29 unused Assets / (1.2 MB). Loaded Objects now: 5291.
Memory consumption went from 166.0 MB to 164.8 MB.
Total: 237.745900 ms (FindLiveObjects: 13.476100 ms CreateObjectMapping: 1.547100 ms MarkObjects: 189.677500 ms  DeleteObjects: 33.036800 ms)

AssetImportParameters requested are different than current active one (requested -> active):
  custom:container-demuxer-ogg: 62fdf1f143b41e24485cea50d1cbac27 -> 
  custom:video-codec-MediaFoundation-h265: 746d11721c4dcdbdad8f713fa42b33f4 -> 
  custom:video-decoder-ogg-theora: a1e56fd34408186e4bbccfd4996cb3dc -> 
  custom:framework-win-MediaFoundation: 216162199b28c13a410421893ffa2e32 -> 
  custom:CustomObjectIndexerAttribute: 9a22284fe3817be447336de3de66b15e -> 
  custom:container-demuxer-webm: 4f35f7cbe854078d1ac9338744f61a02 -> 
  custom:container-muxer-webm: aa71ff27fc2769a1b78a27578f13a17b -> 
  custom:video-decoder-webm-vp8: 9c59270c3fd7afecdb556c50c9e8de78 -> 
  custom:SearchIndexIgnoredProperties: e643bd26f0fe6173181afceb89e7c659 -> 
  custom:AudioImporter_EditorPlatform: d09bf68614088b80899f8185d706f6e7 -> 
  custom:video-encoder-webm-vp8: eb34c28f22e8b96e1ab97ce403110664 -> 
  custom:audio-decoder-ogg-vorbis: bf7c407c2cedff20999df2af8eb42d56 -> 
  custom:audio-encoder-webm-vorbis: bf7c407c2cedff20999df2af8eb42d56 -> 
========================================================================
Received Import Request.
  Time since last request: 1512426.692836 seconds.
  path: Assets/NewUnlitShader.shader
  artifactKey: Guid(1eb10539bd095fe4ca5ab361fbdca166) Importer(815301076,1909f56bfc062723c751e8b465ee728b)
Start importing Assets/NewUnlitShader.shader using Guid(1eb10539bd095fe4ca5ab361fbdca166) Importer(815301076,1909f56bfc062723c751e8b465ee728b) [PhysX] Initialized MultithreadedTaskDispatcher with 8 workers.
 -> (artifact id: '7459f553cddba6d7bd87ac5f859d7a34') in 0.395121 seconds
Number of updated asset objects reloaded before import = 0
Number of asset objects unloaded after import = 0
========================================================================
Received Import Request.
  Time since last request: 0.002850 seconds.
  path: Assets/TutorialInfo/Layout.wlt
  artifactKey: Guid(96e98bffd05413f489cd9851fc862d1f) Importer(815301076,1909f56bfc062723c751e8b465ee728b)
Start importing Assets/TutorialInfo/Layout.wlt using Guid(96e98bffd05413f489cd9851fc862d1f) Importer(815301076,1909f56bfc062723c751e8b465ee728b) [PhysX] Initialized MultithreadedTaskDispatcher with 8 workers.
 -> (artifact id: 'c30df2daaa0bfdd831cd23e862924887') in 0.007450 seconds
Number of updated asset objects reloaded before import = 0
Number of asset objects unloaded after import = 1
========================================================================
Received Import Request.
  Time since last request: 0.003468 seconds.
  path: Assets/Editor
  artifactKey: Guid(9a2df797eb7ea8e44843144af9429b99) Importer(815301076,1909f56bfc062723c751e8b465ee728b)
Start importing Assets/Editor using Guid(9a2df797eb7ea8e44843144af9429b99) Importer(815301076,1909f56bfc062723c751e8b465ee728b) [PhysX] Initialized MultithreadedTaskDispatcher with 8 workers.
 -> (artifact id: '2d9e9bf9b22c0b21f612c687e6cc101c') in 0.004864 seconds
Number of updated asset objects reloaded before import = 0
Number of asset objects unloaded after import = 0
========================================================================
Received Import Request.
  Time since last request: 1489.766213 seconds.
  path: Assets/TextMesh Pro/Resources/Fonts & Materials/LiberationSans SDF.asset
  artifactKey: Guid(8f586378b4e144a9851e7b34d9b748ee) Importer(815301076,1909f56bfc062723c751e8b465ee728b)
Start importing Assets/TextMesh Pro/Resources/Fonts & Materials/LiberationSans SDF.asset using Guid(8f586378b4e144a9851e7b34d9b748ee) Importer(815301076,1909f56bfc062723c751e8b465ee728b) [PhysX] Initialized MultithreadedTaskDispatcher with 8 workers.
[PhysX] Initialized MultithreadedTaskDispatcher with 8 workers.
[PhysX] Initialized MultithreadedTaskDispatcher with 8 workers.
 -> (artifact id: 'afbe7d79e437a2adbc63b31bb7933288') in 9.503164 seconds
Number of updated asset objects reloaded before import = 0
Number of asset objects unloaded after import = 9
========================================================================
Received Import Request.
  Time since last request: 4454.335580 seconds.
  path: Assets/Fonts/SF Pro/SFPRODISPLAYBOLD SDF.asset
  artifactKey: Guid(de410d230661f3b4f83b69a5d1e66ed4) Importer(815301076,1909f56bfc062723c751e8b465ee728b)
Start importing Assets/Fonts/SF Pro/SFPRODISPLAYBOLD SDF.asset using Guid(de410d230661f3b4f83b69a5d1e66ed4) Importer(815301076,1909f56bfc062723c751e8b465ee728b) [PhysX] Initialized MultithreadedTaskDispatcher with 8 workers.
[PhysX] Initialized MultithreadedTaskDispatcher with 8 workers.
[PhysX] Initialized MultithreadedTaskDispatcher with 8 workers.
 -> (artifact id: '4b216023c49f8924995e66f4b5200ee4') in 3.494221 seconds
Number of updated asset objects reloaded before import = 0
Number of asset objects unloaded after import = 6
========================================================================
Received Import Request.
  Time since last request: 81.420156 seconds.
  path: Assets/Fonts/SF Pro/SFPRODISPLAYLIGHTITALIC SDF.asset
  artifactKey: Guid(87f1226f863db1f418966ea3c32a54e1) Importer(815301076,1909f56bfc062723c751e8b465ee728b)
Start importing Assets/Fonts/SF Pro/SFPRODISPLAYLIGHTITALIC SDF.asset using Guid(87f1226f863db1f418966ea3c32a54e1) Importer(815301076,1909f56bfc062723c751e8b465ee728b) [PhysX] Initialized MultithreadedTaskDispatcher with 8 workers.
[PhysX] Initialized MultithreadedTaskDispatcher with 8 workers.
[PhysX] Initialized MultithreadedTaskDispatcher with 8 workers.
 -> (artifact id: '3db4ec5fd69176e7475988b6e7f1211f') in 2.739110 seconds
Number of updated asset objects reloaded before import = 0
Number of asset objects unloaded after import = 6
========================================================================
Received Import Request.
  Time since last request: 0.004396 seconds.
  path: Assets/Fonts/SF Pro/SFPRODISPLAYREGULAR SDF.asset
  artifactKey: Guid(9191a959c5216e842a7070e8bbc3bb3c) Importer(815301076,1909f56bfc062723c751e8b465ee728b)
Start importing Assets/Fonts/SF Pro/SFPRODISPLAYREGULAR SDF.asset using Guid(9191a959c5216e842a7070e8bbc3bb3c) Importer(815301076,1909f56bfc062723c751e8b465ee728b) [PhysX] Initialized MultithreadedTaskDispatcher with 8 workers.
[PhysX] Initialized MultithreadedTaskDispatcher with 8 workers.
[PhysX] Initialized MultithreadedTaskDispatcher with 8 workers.
 -> (artifact id: 'e3171d06d11e70dc0cc801d0e514d65e') in 0.198829 seconds
Number of updated asset objects reloaded before import = 0
Number of asset objects unloaded after import = 6
========================================================================
Received Import Request.
  Time since last request: 0.000094 seconds.
  path: Assets/Fonts/SF Pro/SFPRODISPLAYSEMIBOLDITALIC SDF.asset
  artifactKey: Guid(6d6b1ac394fdd6646868a6c498d87b5a) Importer(815301076,1909f56bfc062723c751e8b465ee728b)
Start importing Assets/Fonts/SF Pro/SFPRODISPLAYSEMIBOLDITALIC SDF.asset using Guid(6d6b1ac394fdd6646868a6c498d87b5a) Importer(815301076,1909f56bfc062723c751e8b465ee728b) [PhysX] Initialized MultithreadedTaskDispatcher with 8 workers.
[PhysX] Initialized MultithreadedTaskDispatcher with 8 workers.
[PhysX] Initialized MultithreadedTaskDispatcher with 8 workers.
 -> (artifact id: '25acf4f969f1fd2f043fdca03f7303ea') in 0.225526 seconds
Number of updated asset objects reloaded before import = 0
Number of asset objects unloaded after import = 6
========================================================================
Received Import Request.
  Time since last request: 0.261121 seconds.
  path: Assets/Fonts/SF Pro/SFPRODISPLAYULTRALIGHTITALIC SDF.asset
  artifactKey: Guid(a79268d2cbc5d7344bc724938f63accf) Importer(815301076,1909f56bfc062723c751e8b465ee728b)
Start importing Assets/Fonts/SF Pro/SFPRODISPLAYULTRALIGHTITALIC SDF.asset using Guid(a79268d2cbc5d7344bc724938f63accf) Importer(815301076,1909f56bfc062723c751e8b465ee728b) [PhysX] Initialized MultithreadedTaskDispatcher with 8 workers.
[PhysX] Initialized MultithreadedTaskDispatcher with 8 workers.
[PhysX] Initialized MultithreadedTaskDispatcher with 8 workers.
 -> (artifact id: '6b72bc43c88f3cab5beb1842bb759ac6') in 0.152080 seconds
Number of updated asset objects reloaded before import = 0
Number of asset objects unloaded after import = 6
Thread 000000000000366C may have been prematurely finalized
Thread 000000000000366C may have been prematurely finalized
========================================================================
Received Import Request.
  Time since last request: 5875.635314 seconds.
  path: Assets/Fonts/SF Pro/SFPRODISPLAYREGULAR SDF.asset
  artifactKey: Guid(9191a959c5216e842a7070e8bbc3bb3c) Importer(815301076,1909f56bfc062723c751e8b465ee728b)
Start importing Assets/Fonts/SF Pro/SFPRODISPLAYREGULAR SDF.asset using Guid(9191a959c5216e842a7070e8bbc3bb3c) Importer(815301076,1909f56bfc062723c751e8b465ee728b) [PhysX] Initialized MultithreadedTaskDispatcher with 8 workers.
[PhysX] Initialized MultithreadedTaskDispatcher with 8 workers.
[PhysX] Initialized MultithreadedTaskDispatcher with 8 workers.
 -> (artifact id: '65a5f575bdf0ccf638381a00ff7ae9d5') in 1.434485 seconds
Number of updated asset objects reloaded before import = 0
Number of asset objects unloaded after import = 6
========================================================================
Received Import Request.
  Time since last request: 14220.627102 seconds.
  path: Assets/Fonts/Inter/Inter_24pt-ThinItalic.ttf
  artifactKey: Guid(a9edc4c169731a44d99058e697c0ebfb) Importer(815301076,1909f56bfc062723c751e8b465ee728b)
Start importing Assets/Fonts/Inter/Inter_24pt-ThinItalic.ttf using Guid(a9edc4c169731a44d99058e697c0ebfb) Importer(815301076,1909f56bfc062723c751e8b465ee728b) [PhysX] Initialized MultithreadedTaskDispatcher with 8 workers.
[PhysX] Initialized MultithreadedTaskDispatcher with 8 workers.
[PhysX] Initialized MultithreadedTaskDispatcher with 8 workers.
 -> (artifact id: 'ba19054a1edf6d2623fe1a594c804802') in 1.315778 seconds
Number of updated asset objects reloaded before import = 0
Number of asset objects unloaded after import = 4
========================================================================
Received Import Request.
  Time since last request: 0.001020 seconds.
  path: Assets/Fonts/Inter/Inter_28pt-Bold.ttf
  artifactKey: Guid(1bdcc282a7e9fdc4caa488ccebb095f6) Importer(815301076,1909f56bfc062723c751e8b465ee728b)
Start importing Assets/Fonts/Inter/Inter_28pt-Bold.ttf using Guid(1bdcc282a7e9fdc4caa488ccebb095f6) Importer(815301076,1909f56bfc062723c751e8b465ee728b) [PhysX] Initialized MultithreadedTaskDispatcher with 8 workers.
[PhysX] Initialized MultithreadedTaskDispatcher with 8 workers.
[PhysX] Initialized MultithreadedTaskDispatcher with 8 workers.
 -> (artifact id: '5e924be355b956764df245b8e5079197') in 0.077454 seconds
Number of updated asset objects reloaded before import = 0
Number of asset objects unloaded after import = 4
========================================================================
Received Import Request.
  Time since last request: 0.000062 seconds.
  path: Assets/Fonts/Inter/Inter_28pt-Black.ttf
  artifactKey: Guid(5adc78803815c0f48ae670115c0bba33) Importer(815301076,1909f56bfc062723c751e8b465ee728b)
Start importing Assets/Fonts/Inter/Inter_28pt-Black.ttf using Guid(5adc78803815c0f48ae670115c0bba33) Importer(815301076,1909f56bfc062723c751e8b465ee728b) [PhysX] Initialized MultithreadedTaskDispatcher with 8 workers.
[PhysX] Initialized MultithreadedTaskDispatcher with 8 workers.
[PhysX] Initialized MultithreadedTaskDispatcher with 8 workers.
 -> (artifact id: '9a7f6c446546b552d5e1f7b35eeccc87') in 0.260102 seconds
Number of updated asset objects reloaded before import = 0
Number of asset objects unloaded after import = 4
========================================================================
Received Import Request.
  Time since last request: 0.000061 seconds.
  path: Assets/Fonts/Inter/Inter_28pt-BoldItalic.ttf
  artifactKey: Guid(4a35cad803e7fbf45989a6fde1be1f99) Importer(815301076,1909f56bfc062723c751e8b465ee728b)
Start importing Assets/Fonts/Inter/Inter_28pt-BoldItalic.ttf using Guid(4a35cad803e7fbf45989a6fde1be1f99) Importer(815301076,1909f56bfc062723c751e8b465ee728b) [PhysX] Initialized MultithreadedTaskDispatcher with 8 workers.
[PhysX] Initialized MultithreadedTaskDispatcher with 8 workers.
[PhysX] Initialized MultithreadedTaskDispatcher with 8 workers.
 -> (artifact id: '35e85835336bab559eb1c0292719542e') in 0.069149 seconds
Number of updated asset objects reloaded before import = 0
Number of asset objects unloaded after import = 4
========================================================================
Received Import Request.
  Time since last request: 10.959177 seconds.
  path: Assets/Fonts/Inter/Inter_28pt-ExtraLightItalic.ttf
  artifactKey: Guid(9b25c5bf886beb0459c9a9edd8d05530) Importer(815301076,1909f56bfc062723c751e8b465ee728b)
Start importing Assets/Fonts/Inter/Inter_28pt-ExtraLightItalic.ttf using Guid(9b25c5bf886beb0459c9a9edd8d05530) Importer(815301076,1909f56bfc062723c751e8b465ee728b) [PhysX] Initialized MultithreadedTaskDispatcher with 8 workers.
[PhysX] Initialized MultithreadedTaskDispatcher with 8 workers.
[PhysX] Initialized MultithreadedTaskDispatcher with 8 workers.
 -> (artifact id: 'af023f4a5ed63aa7b905d1910e2d35e9') in 0.073913 seconds
Number of updated asset objects reloaded before import = 0
Number of asset objects unloaded after import = 4
========================================================================
Received Import Request.
  Time since last request: 0.177385 seconds.
  path: Assets/Fonts/Inter/Inter_28pt-Light.ttf
  artifactKey: Guid(1c50d84950e175c49bc91d3fcece0933) Importer(815301076,1909f56bfc062723c751e8b465ee728b)
Start importing Assets/Fonts/Inter/Inter_28pt-Light.ttf using Guid(1c50d84950e175c49bc91d3fcece0933) Importer(815301076,1909f56bfc062723c751e8b465ee728b) [PhysX] Initialized MultithreadedTaskDispatcher with 8 workers.
[PhysX] Initialized MultithreadedTaskDispatcher with 8 workers.
[PhysX] Initialized MultithreadedTaskDispatcher with 8 workers.
 -> (artifact id: 'c0e56f5cf47387429787b78a89447640') in 0.082539 seconds
Number of updated asset objects reloaded before import = 0
Number of asset objects unloaded after import = 4
========================================================================
Received Import Request.
  Time since last request: 0.000359 seconds.
  path: Assets/Fonts/Inter/Inter_28pt-Medium.ttf
  artifactKey: Guid(4c09a3081614a10469c5d31883d05de1) Importer(815301076,1909f56bfc062723c751e8b465ee728b)
Start importing Assets/Fonts/Inter/Inter_28pt-Medium.ttf using Guid(4c09a3081614a10469c5d31883d05de1) Importer(815301076,1909f56bfc062723c751e8b465ee728b) [PhysX] Initialized MultithreadedTaskDispatcher with 8 workers.
[PhysX] Initialized MultithreadedTaskDispatcher with 8 workers.
[PhysX] Initialized MultithreadedTaskDispatcher with 8 workers.
 -> (artifact id: '06fe74b0ded5488d7fc672757d1f0730') in 0.069576 seconds
Number of updated asset objects reloaded before import = 0
Number of asset objects unloaded after import = 4
========================================================================
Received Import Request.
  Time since last request: 1.962269 seconds.
  path: Assets/Fonts/Inter/Inter_28pt-Regular.ttf
  artifactKey: Guid(a81b7997cb2464145bb2405de70b979a) Importer(815301076,1909f56bfc062723c751e8b465ee728b)
Start importing Assets/Fonts/Inter/Inter_28pt-Regular.ttf using Guid(a81b7997cb2464145bb2405de70b979a) Importer(815301076,1909f56bfc062723c751e8b465ee728b) [PhysX] Initialized MultithreadedTaskDispatcher with 8 workers.
[PhysX] Initialized MultithreadedTaskDispatcher with 8 workers.
[PhysX] Initialized MultithreadedTaskDispatcher with 8 workers.
 -> (artifact id: '4e745332ba142962be666b4467d9e4a0') in 0.045762 seconds
Number of updated asset objects reloaded before import = 0
Number of asset objects unloaded after import = 4
========================================================================
Received Import Request.
  Time since last request: 0.002410 seconds.
  path: Assets/Fonts/Inter/Inter_28pt-SemiBoldItalic.ttf
  artifactKey: Guid(434f384121d93d7479508787cad0f42c) Importer(815301076,1909f56bfc062723c751e8b465ee728b)
Start importing Assets/Fonts/Inter/Inter_28pt-SemiBoldItalic.ttf using Guid(434f384121d93d7479508787cad0f42c) Importer(815301076,1909f56bfc062723c751e8b465ee728b) [PhysX] Initialized MultithreadedTaskDispatcher with 8 workers.
[PhysX] Initialized MultithreadedTaskDispatcher with 8 workers.
[PhysX] Initialized MultithreadedTaskDispatcher with 8 workers.
 -> (artifact id: '62306cedbb9f0bcfb05dee6cd310d551') in 0.037851 seconds
Number of updated asset objects reloaded before import = 0
Number of asset objects unloaded after import = 4
========================================================================
Received Import Request.
  Time since last request: 0.070562 seconds.
  path: Assets/Fonts/Inter/Inter_28pt-ThinItalic.ttf
  artifactKey: Guid(151ba66282ca92444b11e3d9207082d6) Importer(815301076,1909f56bfc062723c751e8b465ee728b)
Start importing Assets/Fonts/Inter/Inter_28pt-ThinItalic.ttf using Guid(151ba66282ca92444b11e3d9207082d6) Importer(815301076,1909f56bfc062723c751e8b465ee728b) [PhysX] Initialized MultithreadedTaskDispatcher with 8 workers.
[PhysX] Initialized MultithreadedTaskDispatcher with 8 workers.
[PhysX] Initialized MultithreadedTaskDispatcher with 8 workers.
 -> (artifact id: '6d31bde7075e181a455a0fa4cbb4652b') in 0.034960 seconds
Number of updated asset objects reloaded before import = 0
Number of asset objects unloaded after import = 4
========================================================================
Received Import Request.
  Time since last request: 1.173843 seconds.
  path: Assets/Fonts/Inter/Inter_24pt-SemiBoldItalic.ttf
  artifactKey: Guid(881bd466f71223745960b165e157379e) Importer(815301076,1909f56bfc062723c751e8b465ee728b)
Start importing Assets/Fonts/Inter/Inter_24pt-SemiBoldItalic.ttf using Guid(881bd466f71223745960b165e157379e) Importer(815301076,1909f56bfc062723c751e8b465ee728b) [PhysX] Initialized MultithreadedTaskDispatcher with 8 workers.
[PhysX] Initialized MultithreadedTaskDispatcher with 8 workers.
[PhysX] Initialized MultithreadedTaskDispatcher with 8 workers.
 -> (artifact id: '058ff22a27f41e6456db9a8ce0996470') in 0.052524 seconds
Number of updated asset objects reloaded before import = 0
Number of asset objects unloaded after import = 4
========================================================================
Received Import Request.
  Time since last request: 0.100651 seconds.
  path: Assets/Fonts/Inter/Inter_24pt-MediumItalic.ttf
  artifactKey: Guid(450064a9409429546ab0a1bd5401074d) Importer(815301076,1909f56bfc062723c751e8b465ee728b)
Start importing Assets/Fonts/Inter/Inter_24pt-MediumItalic.ttf using Guid(450064a9409429546ab0a1bd5401074d) Importer(815301076,1909f56bfc062723c751e8b465ee728b) [PhysX] Initialized MultithreadedTaskDispatcher with 8 workers.
[PhysX] Initialized MultithreadedTaskDispatcher with 8 workers.
[PhysX] Initialized MultithreadedTaskDispatcher with 8 workers.
 -> (artifact id: '8550e52dd61ca8dadcfacf73d66687c0') in 0.039134 seconds
Number of updated asset objects reloaded before import = 0
Number of asset objects unloaded after import = 4
========================================================================
Received Import Request.
  Time since last request: 0.353224 seconds.
  path: Assets/Fonts/Inter/Inter_18pt-Bold.ttf
  artifactKey: Guid(6a575a009e6299444a3370023d64cbf6) Importer(815301076,1909f56bfc062723c751e8b465ee728b)
Start importing Assets/Fonts/Inter/Inter_18pt-Bold.ttf using Guid(6a575a009e6299444a3370023d64cbf6) Importer(815301076,1909f56bfc062723c751e8b465ee728b) [PhysX] Initialized MultithreadedTaskDispatcher with 8 workers.
[PhysX] Initialized MultithreadedTaskDispatcher with 8 workers.
[PhysX] Initialized MultithreadedTaskDispatcher with 8 workers.
 -> (artifact id: 'cdca3e270b2965d0d5086d4c99eba9a6') in 0.038344 seconds
Number of updated asset objects reloaded before import = 0
Number of asset objects unloaded after import = 4
========================================================================
Received Import Request.
  Time since last request: 0.082210 seconds.
  path: Assets/Fonts/Inter/Inter_18pt-ExtraBold.ttf
  artifactKey: Guid(ded4fccff4462c14aac39b62892c5de1) Importer(815301076,1909f56bfc062723c751e8b465ee728b)
Start importing Assets/Fonts/Inter/Inter_18pt-ExtraBold.ttf using Guid(ded4fccff4462c14aac39b62892c5de1) Importer(815301076,1909f56bfc062723c751e8b465ee728b) [PhysX] Initialized MultithreadedTaskDispatcher with 8 workers.
[PhysX] Initialized MultithreadedTaskDispatcher with 8 workers.
[PhysX] Initialized MultithreadedTaskDispatcher with 8 workers.
 -> (artifact id: '9d61a6cc0eb6507962d112dfb95c039e') in 0.033441 seconds
Number of updated asset objects reloaded before import = 0
Number of asset objects unloaded after import = 4
========================================================================
Received Import Request.
  Time since last request: 0.000060 seconds.
  path: Assets/Fonts/Inter/Inter_18pt-Italic.ttf
  artifactKey: Guid(e0a35bd0b80bfbb479714ade4bfa1043) Importer(815301076,1909f56bfc062723c751e8b465ee728b)
Start importing Assets/Fonts/Inter/Inter_18pt-Italic.ttf using Guid(e0a35bd0b80bfbb479714ade4bfa1043) Importer(815301076,1909f56bfc062723c751e8b465ee728b) [PhysX] Initialized MultithreadedTaskDispatcher with 8 workers.
[PhysX] Initialized MultithreadedTaskDispatcher with 8 workers.
[PhysX] Initialized MultithreadedTaskDispatcher with 8 workers.
 -> (artifact id: 'd59bdedd135793f5530297deb6238ef9') in 0.039283 seconds
Number of updated asset objects reloaded before import = 0
Number of asset objects unloaded after import = 4
========================================================================
Received Import Request.
  Time since last request: 0.000132 seconds.
  path: Assets/Fonts/Inter/Inter_18pt-ExtraLightItalic.ttf
  artifactKey: Guid(80d351e29c91ffe49aa8035cf7bf00e9) Importer(815301076,1909f56bfc062723c751e8b465ee728b)
Start importing Assets/Fonts/Inter/Inter_18pt-ExtraLightItalic.ttf using Guid(80d351e29c91ffe49aa8035cf7bf00e9) Importer(815301076,1909f56bfc062723c751e8b465ee728b) [PhysX] Initialized MultithreadedTaskDispatcher with 8 workers.
[PhysX] Initialized MultithreadedTaskDispatcher with 8 workers.
[PhysX] Initialized MultithreadedTaskDispatcher with 8 workers.
 -> (artifact id: '780daab9a7f2ea491c63691d9fb911b2') in 0.041361 seconds
Number of updated asset objects reloaded before import = 0
Number of asset objects unloaded after import = 4
========================================================================
Received Import Request.
  Time since last request: 16.303955 seconds.
  path: Assets/Fonts/Inter/Inter_24pt-Regular.ttf
  artifactKey: Guid(65bb0d9bfe5a13446a65e656894b2260) Importer(815301076,1909f56bfc062723c751e8b465ee728b)
Start importing Assets/Fonts/Inter/Inter_24pt-Regular.ttf using Guid(65bb0d9bfe5a13446a65e656894b2260) Importer(815301076,1909f56bfc062723c751e8b465ee728b) [PhysX] Initialized MultithreadedTaskDispatcher with 8 workers.
[PhysX] Initialized MultithreadedTaskDispatcher with 8 workers.
[PhysX] Initialized MultithreadedTaskDispatcher with 8 workers.
 -> (artifact id: '07342ed2e641ad286d6145327ca178a9') in 0.033821 seconds
Number of updated asset objects reloaded before import = 0
Number of asset objects unloaded after import = 4
========================================================================
Received Import Request.
  Time since last request: 0.000048 seconds.
  path: Assets/Fonts/Inter/Inter_18pt-Medium.ttf
  artifactKey: Guid(7ec0b3c23c4116a4f9d63554b6631861) Importer(815301076,1909f56bfc062723c751e8b465ee728b)
Start importing Assets/Fonts/Inter/Inter_18pt-Medium.ttf using Guid(7ec0b3c23c4116a4f9d63554b6631861) Importer(815301076,1909f56bfc062723c751e8b465ee728b) [PhysX] Initialized MultithreadedTaskDispatcher with 8 workers.
[PhysX] Initialized MultithreadedTaskDispatcher with 8 workers.
[PhysX] Initialized MultithreadedTaskDispatcher with 8 workers.
 -> (artifact id: '1172b4c77cdd5622abe9d4b91b55c635') in 0.032314 seconds
Number of updated asset objects reloaded before import = 0
Number of asset objects unloaded after import = 4
========================================================================
Received Import Request.
  Time since last request: 0.000055 seconds.
  path: Assets/Fonts/Inter/Inter_18pt-SemiBold.ttf
  artifactKey: Guid(a45d933d119a15a4f9f979775e269514) Importer(815301076,1909f56bfc062723c751e8b465ee728b)
Start importing Assets/Fonts/Inter/Inter_18pt-SemiBold.ttf using Guid(a45d933d119a15a4f9f979775e269514) Importer(815301076,1909f56bfc062723c751e8b465ee728b) [PhysX] Initialized MultithreadedTaskDispatcher with 8 workers.
[PhysX] Initialized MultithreadedTaskDispatcher with 8 workers.
[PhysX] Initialized MultithreadedTaskDispatcher with 8 workers.
 -> (artifact id: 'a0e5f25bdc44d21f83a5dbb699597479') in 0.040405 seconds
Number of updated asset objects reloaded before import = 0
Number of asset objects unloaded after import = 4
========================================================================
Received Import Request.
  Time since last request: 0.180995 seconds.
  path: Assets/Fonts/Inter/Inter_18pt-LightItalic.ttf
  artifactKey: Guid(08c8c97bb8ddc4c4ebb0909c2371583c) Importer(815301076,1909f56bfc062723c751e8b465ee728b)
Start importing Assets/Fonts/Inter/Inter_18pt-LightItalic.ttf using Guid(08c8c97bb8ddc4c4ebb0909c2371583c) Importer(815301076,1909f56bfc062723c751e8b465ee728b) [PhysX] Initialized MultithreadedTaskDispatcher with 8 workers.
[PhysX] Initialized MultithreadedTaskDispatcher with 8 workers.
[PhysX] Initialized MultithreadedTaskDispatcher with 8 workers.
 -> (artifact id: '2ab1048ed2d34586efae410b26972fd1') in 0.043535 seconds
Number of updated asset objects reloaded before import = 0
Number of asset objects unloaded after import = 4
========================================================================
Received Import Request.
  Time since last request: 0.000050 seconds.
  path: Assets/Fonts/Inter/Inter_24pt-Light.ttf
  artifactKey: Guid(dd25976dc806b0d4d8d852a5716bcd4a) Importer(815301076,1909f56bfc062723c751e8b465ee728b)
Start importing Assets/Fonts/Inter/Inter_24pt-Light.ttf using Guid(dd25976dc806b0d4d8d852a5716bcd4a) Importer(815301076,1909f56bfc062723c751e8b465ee728b) [PhysX] Initialized MultithreadedTaskDispatcher with 8 workers.
[PhysX] Initialized MultithreadedTaskDispatcher with 8 workers.
[PhysX] Initialized MultithreadedTaskDispatcher with 8 workers.
 -> (artifact id: '33a546dc86f2327d9e03cfdeb7c9ec2e') in 0.042994 seconds
Number of updated asset objects reloaded before import = 0
Number of asset objects unloaded after import = 4
========================================================================
Received Import Request.
  Time since last request: 0.000048 seconds.
  path: Assets/Fonts/Inter/Inter_24pt-LightItalic.ttf
  artifactKey: Guid(2c9be675dc8ad9d4084c710dbb6c9c07) Importer(815301076,1909f56bfc062723c751e8b465ee728b)
Start importing Assets/Fonts/Inter/Inter_24pt-LightItalic.ttf using Guid(2c9be675dc8ad9d4084c710dbb6c9c07) Importer(815301076,1909f56bfc062723c751e8b465ee728b) [PhysX] Initialized MultithreadedTaskDispatcher with 8 workers.
[PhysX] Initialized MultithreadedTaskDispatcher with 8 workers.
[PhysX] Initialized MultithreadedTaskDispatcher with 8 workers.
 -> (artifact id: 'b8c6ae8f264bd86c0cc874567559f2e5') in 0.039932 seconds
Number of updated asset objects reloaded before import = 0
Number of asset objects unloaded after import = 4
========================================================================
Received Import Request.
  Time since last request: 0.043152 seconds.
  path: Assets/Fonts/Inter/Inter_24pt-ExtraLight.ttf
  artifactKey: Guid(44f1e14c2a11be5409316baa8197ada7) Importer(815301076,1909f56bfc062723c751e8b465ee728b)
Start importing Assets/Fonts/Inter/Inter_24pt-ExtraLight.ttf using Guid(44f1e14c2a11be5409316baa8197ada7) Importer(815301076,1909f56bfc062723c751e8b465ee728b) [PhysX] Initialized MultithreadedTaskDispatcher with 8 workers.
[PhysX] Initialized MultithreadedTaskDispatcher with 8 workers.
[PhysX] Initialized MultithreadedTaskDispatcher with 8 workers.
 -> (artifact id: '6919b1e4c9abc40fdb12bec559115a1a') in 0.039385 seconds
Number of updated asset objects reloaded before import = 0
Number of asset objects unloaded after import = 4
========================================================================
Received Import Request.
  Time since last request: 0.202113 seconds.
  path: Assets/Fonts/Inter/Inter_24pt-ExtraBold.ttf
  artifactKey: Guid(1184c5e854289c249a4e0cc7503a1c8b) Importer(815301076,1909f56bfc062723c751e8b465ee728b)
Start importing Assets/Fonts/Inter/Inter_24pt-ExtraBold.ttf using Guid(1184c5e854289c249a4e0cc7503a1c8b) Importer(815301076,1909f56bfc062723c751e8b465ee728b) [PhysX] Initialized MultithreadedTaskDispatcher with 8 workers.
[PhysX] Initialized MultithreadedTaskDispatcher with 8 workers.
[PhysX] Initialized MultithreadedTaskDispatcher with 8 workers.
 -> (artifact id: '55581474f2f654a47b1a1de0f702f933') in 0.034079 seconds
Number of updated asset objects reloaded before import = 0
Number of asset objects unloaded after import = 4
========================================================================
Received Import Request.
  Time since last request: 0.004888 seconds.
  path: Assets/Fonts/Inter/Inter_24pt-BoldItalic.ttf
  artifactKey: Guid(eb0f0edc16a448242a2df7e0e3d4d10f) Importer(815301076,1909f56bfc062723c751e8b465ee728b)
Start importing Assets/Fonts/Inter/Inter_24pt-BoldItalic.ttf using Guid(eb0f0edc16a448242a2df7e0e3d4d10f) Importer(815301076,1909f56bfc062723c751e8b465ee728b) [PhysX] Initialized MultithreadedTaskDispatcher with 8 workers.
[PhysX] Initialized MultithreadedTaskDispatcher with 8 workers.
[PhysX] Initialized MultithreadedTaskDispatcher with 8 workers.
 -> (artifact id: '287afe87642d943ec20eb413e0aa6b33') in 0.041140 seconds
Number of updated asset objects reloaded before import = 0
Number of asset objects unloaded after import = 4
========================================================================
Received Import Request.
  Time since last request: 0.019189 seconds.
  path: Assets/Fonts/Inter/Inter_24pt-Black.ttf
  artifactKey: Guid(44721095082598b43923d9860bab0efc) Importer(815301076,1909f56bfc062723c751e8b465ee728b)
Start importing Assets/Fonts/Inter/Inter_24pt-Black.ttf using Guid(44721095082598b43923d9860bab0efc) Importer(815301076,1909f56bfc062723c751e8b465ee728b) [PhysX] Initialized MultithreadedTaskDispatcher with 8 workers.
[PhysX] Initialized MultithreadedTaskDispatcher with 8 workers.
[PhysX] Initialized MultithreadedTaskDispatcher with 8 workers.
 -> (artifact id: '48d366945ee09d40f57833ebc07ea47f') in 0.045419 seconds
Number of updated asset objects reloaded before import = 0
Number of asset objects unloaded after import = 4
========================================================================
Received Import Request.
  Time since last request: 0.029529 seconds.
  path: Assets/Fonts/Inter/Inter_24pt-BlackItalic.ttf
  artifactKey: Guid(2477b876812caff4f940c488424c1a05) Importer(815301076,1909f56bfc062723c751e8b465ee728b)
Start importing Assets/Fonts/Inter/Inter_24pt-BlackItalic.ttf using Guid(2477b876812caff4f940c488424c1a05) Importer(815301076,1909f56bfc062723c751e8b465ee728b) [PhysX] Initialized MultithreadedTaskDispatcher with 8 workers.
[PhysX] Initialized MultithreadedTaskDispatcher with 8 workers.
[PhysX] Initialized MultithreadedTaskDispatcher with 8 workers.
 -> (artifact id: 'b430d81bcf58ee1c95d2b3110094bd46') in 0.050995 seconds
Number of updated asset objects reloaded before import = 0
Number of asset objects unloaded after import = 4
========================================================================
Received Import Request.
  Time since last request: 0.124595 seconds.
  path: Assets/TextMesh Pro/Resources/Fonts & Materials/LiberationSans SDF - Drop Shadow.mat
  artifactKey: Guid(e73a58f6e2794ae7b1b7e50b7fb811b0) Importer(815301076,1909f56bfc062723c751e8b465ee728b)
Start importing Assets/TextMesh Pro/Resources/Fonts & Materials/LiberationSans SDF - Drop Shadow.mat using Guid(e73a58f6e2794ae7b1b7e50b7fb811b0) Importer(815301076,1909f56bfc062723c751e8b465ee728b) [PhysX] Initialized MultithreadedTaskDispatcher with 8 workers.
[PhysX] Initialized MultithreadedTaskDispatcher with 8 workers.
 -> (artifact id: '892dad2a70df5fdf81a4a51821112d0b') in 1.152356 seconds
Number of updated asset objects reloaded before import = 0
Number of asset objects unloaded after import = 2
========================================================================
Received Import Request.
  Time since last request: 0.000068 seconds.
  path: Assets/TextMesh Pro/Resources/Fonts & Materials/LiberationSans SDF - Outline.mat
  artifactKey: Guid(79459efec17a4d00a321bdcc27bbc385) Importer(815301076,1909f56bfc062723c751e8b465ee728b)
Start importing Assets/TextMesh Pro/Resources/Fonts & Materials/LiberationSans SDF - Outline.mat using Guid(79459efec17a4d00a321bdcc27bbc385) Importer(815301076,1909f56bfc062723c751e8b465ee728b) [PhysX] Initialized MultithreadedTaskDispatcher with 8 workers.
[PhysX] Initialized MultithreadedTaskDispatcher with 8 workers.
 -> (artifact id: '927eb2903bfd6d303106c2c98d752062') in 0.258778 seconds
Number of updated asset objects reloaded before import = 0
Number of asset objects unloaded after import = 2
========================================================================
Received Import Request.
  Time since last request: 0.000065 seconds.
  path: Assets/Materials/NodeMaterial.mat
  artifactKey: Guid(bcd09185dd9c2ee4283cd036dd48c9f7) Importer(815301076,1909f56bfc062723c751e8b465ee728b)
Start importing Assets/Materials/NodeMaterial.mat using Guid(bcd09185dd9c2ee4283cd036dd48c9f7) Importer(815301076,1909f56bfc062723c751e8b465ee728b) [PhysX] Initialized MultithreadedTaskDispatcher with 8 workers.
[PhysX] Initialized MultithreadedTaskDispatcher with 8 workers.
 -> (artifact id: '68be0dbcbfde954bfb9b6d9f304062b3') in 1.317880 seconds
Number of updated asset objects reloaded before import = 0
Number of asset objects unloaded after import = 1
========================================================================
Received Import Request.
  Time since last request: 38.492843 seconds.
  path: Assets/Icons/waiting.png
  artifactKey: Guid(79a3af65886376c4ba963d624f54abab) Importer(815301076,1909f56bfc062723c751e8b465ee728b)
Start importing Assets/Icons/waiting.png using Guid(79a3af65886376c4ba963d624f54abab) Importer(815301076,1909f56bfc062723c751e8b465ee728b) [PhysX] Initialized MultithreadedTaskDispatcher with 8 workers.
[PhysX] Initialized MultithreadedTaskDispatcher with 8 workers.
 -> (artifact id: '088418bc5067a841ad169eea9aa9ff7b') in 1.794496 seconds
Number of updated asset objects reloaded before import = 0
Number of asset objects unloaded after import = 3
========================================================================
Received Import Request.
  Time since last request: 0.183059 seconds.
  path: Assets/Icons/PuzzleTrophy.png
  artifactKey: Guid(2b35369166fe49d4c9f3f38d4d0c125e) Importer(815301076,1909f56bfc062723c751e8b465ee728b)
Start importing Assets/Icons/PuzzleTrophy.png using Guid(2b35369166fe49d4c9f3f38d4d0c125e) Importer(815301076,1909f56bfc062723c751e8b465ee728b) [PhysX] Initialized MultithreadedTaskDispatcher with 8 workers.
[PhysX] Initialized MultithreadedTaskDispatcher with 8 workers.
 -> (artifact id: '33a44ff31644730afbe6ccfef2266e41') in 0.132305 seconds
Number of updated asset objects reloaded before import = 0
Number of asset objects unloaded after import = 3
========================================================================
Received Import Request.
  Time since last request: 0.000061 seconds.
  path: Assets/Icons/profile_inactive.png
  artifactKey: Guid(83e381ef9bf431049bf2b45482e6b15c) Importer(815301076,1909f56bfc062723c751e8b465ee728b)
Start importing Assets/Icons/profile_inactive.png using Guid(83e381ef9bf431049bf2b45482e6b15c) Importer(815301076,1909f56bfc062723c751e8b465ee728b) [PhysX] Initialized MultithreadedTaskDispatcher with 8 workers.
[PhysX] Initialized MultithreadedTaskDispatcher with 8 workers.
 -> (artifact id: 'd22ac284e531445ac4da8a57ed757d9d') in 0.127567 seconds
Number of updated asset objects reloaded before import = 0
Number of asset objects unloaded after import = 3
========================================================================
Received Import Request.
  Time since last request: 0.261177 seconds.
  path: Assets/Icons/profile_active.png
  artifactKey: Guid(230cb679339e407428c7427bb3ced776) Importer(815301076,1909f56bfc062723c751e8b465ee728b)
Start importing Assets/Icons/profile_active.png using Guid(230cb679339e407428c7427bb3ced776) Importer(815301076,1909f56bfc062723c751e8b465ee728b) [PhysX] Initialized MultithreadedTaskDispatcher with 8 workers.
[PhysX] Initialized MultithreadedTaskDispatcher with 8 workers.
 -> (artifact id: '3b50f906cda8acd1bfef0240cf5ada58') in 0.096986 seconds
Number of updated asset objects reloaded before import = 0
Number of asset objects unloaded after import = 3
========================================================================
Received Import Request.
  Time since last request: 0.146831 seconds.
  path: Assets/Icons/padlock.png
  artifactKey: Guid(60663136834b9aa4e9cc2bbb100f85a8) Importer(815301076,1909f56bfc062723c751e8b465ee728b)
Start importing Assets/Icons/padlock.png using Guid(60663136834b9aa4e9cc2bbb100f85a8) Importer(815301076,1909f56bfc062723c751e8b465ee728b) [PhysX] Initialized MultithreadedTaskDispatcher with 8 workers.
[PhysX] Initialized MultithreadedTaskDispatcher with 8 workers.
 -> (artifact id: '690af7d5a28d203331d0fa5c87e336ac') in 0.101373 seconds
Number of updated asset objects reloaded before import = 0
Number of asset objects unloaded after import = 3
========================================================================
Received Import Request.
  Time since last request: 0.000065 seconds.
  path: Assets/Icons/links.png
  artifactKey: Guid(924752adb4f07684899bbc3e8e0d0a12) Importer(815301076,1909f56bfc062723c751e8b465ee728b)
Start importing Assets/Icons/links.png using Guid(924752adb4f07684899bbc3e8e0d0a12) Importer(815301076,1909f56bfc062723c751e8b465ee728b) [PhysX] Initialized MultithreadedTaskDispatcher with 8 workers.
[PhysX] Initialized MultithreadedTaskDispatcher with 8 workers.
 -> (artifact id: '34348d06a3f12cfa98e25779f428eb2e') in 0.059530 seconds
Number of updated asset objects reloaded before import = 0
Number of asset objects unloaded after import = 3
========================================================================
Received Import Request.
  Time since last request: 0.467415 seconds.
  path: Assets/Icons/learn_active.png
  artifactKey: Guid(7e657ca6cba9ac4489d6dec8706dcb28) Importer(815301076,1909f56bfc062723c751e8b465ee728b)
Start importing Assets/Icons/learn_active.png using Guid(7e657ca6cba9ac4489d6dec8706dcb28) Importer(815301076,1909f56bfc062723c751e8b465ee728b) [PhysX] Initialized MultithreadedTaskDispatcher with 8 workers.
[PhysX] Initialized MultithreadedTaskDispatcher with 8 workers.
 -> (artifact id: '1a1b5e879292ae4cae0bfa320f9b690d') in 0.086133 seconds
Number of updated asset objects reloaded before import = 0
Number of asset objects unloaded after import = 3
========================================================================
Received Import Request.
  Time since last request: 0.060752 seconds.
  path: Assets/Icons/knowledge-graph.png
  artifactKey: Guid(29c19e3ad292ae94f9f4e556412fdedc) Importer(815301076,1909f56bfc062723c751e8b465ee728b)
Start importing Assets/Icons/knowledge-graph.png using Guid(29c19e3ad292ae94f9f4e556412fdedc) Importer(815301076,1909f56bfc062723c751e8b465ee728b) [PhysX] Initialized MultithreadedTaskDispatcher with 8 workers.
[PhysX] Initialized MultithreadedTaskDispatcher with 8 workers.
 -> (artifact id: '49ac695a5dbd53a84ba841a8cda92f06') in 0.076576 seconds
Number of updated asset objects reloaded before import = 0
Number of asset objects unloaded after import = 3
========================================================================
Received Import Request.
  Time since last request: 0.000084 seconds.
  path: Assets/Icons/home_inactive.png
  artifactKey: Guid(1c25cb269f494484fa33595c74824759) Importer(815301076,1909f56bfc062723c751e8b465ee728b)
Start importing Assets/Icons/home_inactive.png using Guid(1c25cb269f494484fa33595c74824759) Importer(815301076,1909f56bfc062723c751e8b465ee728b) [PhysX] Initialized MultithreadedTaskDispatcher with 8 workers.
[PhysX] Initialized MultithreadedTaskDispatcher with 8 workers.
 -> (artifact id: '860c5a42f5e7e856e0a13a59f0aabb60') in 0.097770 seconds
Number of updated asset objects reloaded before import = 0
Number of asset objects unloaded after import = 3
========================================================================
Received Import Request.
  Time since last request: 0.175472 seconds.
  path: Assets/Icons/hierarchical-structure.png
  artifactKey: Guid(10a52dcf79134d8449cf48945589e717) Importer(815301076,1909f56bfc062723c751e8b465ee728b)
Start importing Assets/Icons/hierarchical-structure.png using Guid(10a52dcf79134d8449cf48945589e717) Importer(815301076,1909f56bfc062723c751e8b465ee728b) [PhysX] Initialized MultithreadedTaskDispatcher with 8 workers.
[PhysX] Initialized MultithreadedTaskDispatcher with 8 workers.
 -> (artifact id: '9b75dc6eb1c96eca059cdabf247d973f') in 0.077030 seconds
Number of updated asset objects reloaded before import = 0
Number of asset objects unloaded after import = 3
========================================================================
Received Import Request.
  Time since last request: 0.271541 seconds.
  path: Assets/Icons/eye.png
  artifactKey: Guid(0e6a373072d51fe439f810f164648c7d) Importer(815301076,1909f56bfc062723c751e8b465ee728b)
Start importing Assets/Icons/eye.png using Guid(0e6a373072d51fe439f810f164648c7d) Importer(815301076,1909f56bfc062723c751e8b465ee728b) [PhysX] Initialized MultithreadedTaskDispatcher with 8 workers.
[PhysX] Initialized MultithreadedTaskDispatcher with 8 workers.
 -> (artifact id: 'ffc7d4dbc1d0646ab128cabaf6b7c3ad') in 0.127833 seconds
Number of updated asset objects reloaded before import = 0
Number of asset objects unloaded after import = 3
========================================================================
Received Import Request.
  Time since last request: 0.147824 seconds.
  path: Assets/Icons/dog.png
  artifactKey: Guid(600638a53b0e55d4894389dafae1eafe) Importer(815301076,1909f56bfc062723c751e8b465ee728b)
Start importing Assets/Icons/dog.png using Guid(600638a53b0e55d4894389dafae1eafe) Importer(815301076,1909f56bfc062723c751e8b465ee728b) [PhysX] Initialized MultithreadedTaskDispatcher with 8 workers.
[PhysX] Initialized MultithreadedTaskDispatcher with 8 workers.
 -> (artifact id: '1156456d9ce8fdcaf463f0d5a0a2414d') in 0.133468 seconds
Number of updated asset objects reloaded before import = 0
Number of asset objects unloaded after import = 3
========================================================================
Received Import Request.
  Time since last request: 9036.878542 seconds.
  path: Packages/com.unity.xr.arfoundation/Assets/Materials/DebugPlane.mat
  artifactKey: Guid(f1a110d32af21aa4d872c707dfcc6043) Importer(815301076,1909f56bfc062723c751e8b465ee728b)
Start importing Packages/com.unity.xr.arfoundation/Assets/Materials/DebugPlane.mat using Guid(f1a110d32af21aa4d872c707dfcc6043) Importer(815301076,1909f56bfc062723c751e8b465ee728b) [PhysX] Initialized MultithreadedTaskDispatcher with 8 workers.
[PhysX] Initialized MultithreadedTaskDispatcher with 8 workers.
 -> (artifact id: '446973dcc280216702973b219a0d33f2') in 2.034645 seconds
Number of updated asset objects reloaded before import = 0
Number of asset objects unloaded after import = 1
========================================================================
Received Prepare
Caller must complete domain reload
Begin MonoManager ReloadAssembly
- Loaded All Assemblies, in 73.048 seconds
Native extension for WindowsStandalone target not found
Native extension for Android target not found
